# Date: 08/04/24
# Author: Atul

08/04/24 08:00:00 INFO Starting application...
08/04/24 08:01:00 DEBUG Initializing components...
08/04/24 08:02:00 INFO Configuration loaded successfully.
08/04/24 08:03:00 DEBUG Connecting to database...
08/04/24 08:04:00 ERROR Failed to connect to the database: Connection refused.
08/04/24 08:05:00 INFO Retrying database connection...
08/04/24 08:06:00 DEBUG Connecting to database...
08/04/24 08:07:00 ERROR Failed to connect to the database: Connection timed out.
08/04/24 08:08:00 WARNING Database connection retries exhausted.
08/04/24 08:09:00 ERROR Application startup aborted: Unable to connect to the database.
08/04/24 08:10:00 INFO Exiting application...
08/04/24 08:15:00 INFO Starting application...
08/04/24 08:16:00 DEBUG Initializing components...
08/04/24 08:17:00 INFO Configuration loaded successfully.
08/04/24 08:18:00 DEBUG Connecting to database...
08/04/24 08:19:00 INFO Database connection established.
08/04/24 08:20:00 DEBUG Loading user data...
08/04/24 08:21:00 INFO User data loaded successfully.
08/04/24 08:22:00 DEBUG Processing user input...
08/04/24 08:23:00 ERROR Unable to process user input: Invalid format.
08/04/24 08:24:00 WARNING User input discarded.
08/04/24 08:25:00 DEBUG Generating report...
08/04/24 08:26:00 INFO Report generated successfully.
08/04/24 08:27:00 DEBUG Sending report via email...
08/04/24 08:28:00 INFO Report sent successfully.
08/04/24 08:30:00 INFO User authentication successful.
08/04/24 08:31:00 DEBUG User activity logged: User ID - 1234, Action - Viewed Dashboard.
08/04/24 08:32:00 DEBUG User activity logged: User ID - 1234, Action - Downloaded File.
08/04/24 08:33:00 DEBUG User activity logged: User ID - 5678, Action - Viewed Profile.
08/04/24 08:34:00 DEBUG User activity logged: User ID - 5678, Action - Updated Profile.
08/04/24 08:35:00 DEBUG Performing system backup...
08/04/24 08:36:00 WARNING Disk space low, consider freeing up space.
08/04/24 08:37:00 INFO Backup in progress...
08/04/24 08:38:00 INFO Backup completed successfully.
08/04/24 08:40:00 INFO Performing routine maintenance tasks...
08/04/24 08:41:00 DEBUG Cleaning up temporary files...
08/04/24 08:42:00 INFO Temporary files cleaned up.
08/04/24 08:43:00 DEBUG Checking for software updates...
08/04/24 08:44:00 INFO Software is up to date.
08/04/24 08:45:00 DEBUG Application performance monitoring...
08/04/24 08:46:00 INFO Application performance metrics collected.
08/04/24 08:50:00 INFO Routine maintenance tasks completed.
08/04/24 08:55:00 INFO Application shutdown.
08/04/24 09:00:00 INFO Starting application...
08/04/24 09:01:00 DEBUG Initializing components...
08/04/24 09:02:00 INFO Configuration loaded successfully.
08/04/24 09:03:00 DEBUG Connecting to database...
08/04/24 09:04:00 INFO Database connection established.
08/04/24 09:05:00 DEBUG Loading user data...
08/04/24 09:06:00 INFO User data loaded successfully.
08/04/24 09:07:00 DEBUG Processing user input...
08/04/24 09:08:00 DEBUG User input processed successfully.
08/04/24 09:09:00 DEBUG Generating report...
08/04/24 09:10:00 INFO Report generated successfully.
08/04/24 09:11:00 DEBUG Sending report via email...
08/04/24 09:12:00 INFO Report sent successfully.
08/04/24 09:15:00 INFO User authentication successful.
08/04/24 09:16:00 DEBUG User activity logged: User ID - 7890, Action - Viewed Dashboard.
08/04/24 09:17:00 DEBUG User activity logged: User ID - 7890, Action - Downloaded File.
08/04/24 09:18:00 DEBUG Performing system backup...
08/04/24 09:19:00 WARNING Disk space low, consider freeing up space.
08/04/24 09:20:00 INFO Backup in progress...
08/04/24 09:21:00 INFO Backup completed successfully.
08/04/24 09:25:00 INFO Performing routine maintenance tasks...
08/04/24 09:26:00 DEBUG Cleaning up temporary files...
08/04/24 09:27:00 INFO Temporary files cleaned up.
08/04/24 09:28:00 DEBUG Checking for software updates...
08/04/24 09:29:00 INFO Software update available, downloading...
08/04/24 09:30:00 INFO Software update downloaded successfully.
08/04/24 09:31:00 DEBUG Installing software update...
08/04/24 09:32:00 INFO Software update installed successfully. Restarting application...
08/04/24 09:35:00 INFO Application restarted.
08/04/24 09:40:00 INFO Starting application...
08/04/24 09:41:00 DEBUG Initializing components...
08/04/24 09:42:00 INFO Configuration loaded successfully.
08/04/24 09:43:00 DEBUG Connecting to database...
08/04/24 09:44:00 INFO Database connection established.
08/04/24 09:45:00 DEBUG Loading user data...
08/04/24 09:46:00 INFO User data loaded successfully.
08/04/24 09:47:00 DEBUG Processing user input...
08/04/24 09:48:00 DEBUG User input processed successfully.
08/04/24 09:49:00 DEBUG Generating report...
08/04/24 09:50:00 INFO Report generated successfully.
08/04/24 09:51:00 DEBUG Sending report via email...
08/04/24 09:52:00 INFO Report sent successfully.
08/04/24 09:55:00 INFO User authentication successful.
08/04/24 09:56:00 DEBUG User activity logged: User ID - 2468, Action - Viewed Dashboard.
08/04/24 09:57:00 DEBUG User activity logged: User ID - 2468, Action - Downloaded File.
08/04/24 09:58:00 DEBUG Performing system backup...
08/04/24 09:59:00 INFO Backup in progress...
08/04/24 10:00:00 INFO Backup completed successfully.
08/04/24 10:05:00 INFO Performing routine maintenance tasks...
08/04/24 10:06:00 DEBUG Cleaning up temporary files...
08/04/24 10:07:00 INFO Temporary files cleaned up.
08/04/24 10:08:00 DEBUG Checking for software updates...
08/04/24 10:09:00 INFO Software is up to date.
08/04/24 10:10:00 DEBUG Application performance monitoring...
08/04/24 10:11:00 INFO Application performance metrics collected.
08/04/24 10:15:00 INFO Routine maintenance tasks completed.
08/04/24 10:20:00 INFO Application shutdown.
